{"/home/sylvain/Téléchargements/[Cours Javascript] Apprendre Javascript de A à Z – Suite et fin 6/JS-A-to-Z-support/test-js/fusionArray.js": {"path":"/home/sylvain/Téléchargements/[Cours Javascript] Apprendre Javascript de A à Z – Suite et fin 6/JS-A-to-Z-support/test-js/fusionArray.js","statementMap":{"0":{"start":{"line":2,"column":4},"end":{"line":2,"column":30}},"1":{"start":{"line":6,"column":4},"end":{"line":6,"column":16}},"2":{"start":{"line":9,"column":2},"end":{"line":9,"column":31}}},"fnMap":{"0":{"name":"fusionArray","decl":{"start":{"line":1,"column":9},"end":{"line":1,"column":20}},"loc":{"start":{"line":1,"column":33},"end":{"line":3,"column":3}},"line":1},"1":{"name":"cloneArray","decl":{"start":{"line":5,"column":11},"end":{"line":5,"column":21}},"loc":{"start":{"line":5,"column":28},"end":{"line":7,"column":3}},"line":5}},"branchMap":{},"s":{"0":2,"1":0,"2":1},"f":{"0":2,"1":0},"b":{},"_coverageSchema":"1a1c01bbd47fc00a2c39e90264f33305004495a9","hash":"48f7fba3afbe9130b716f21d1d3b4418a54c65be"}
}
